<?xml version="1.0" encoding="UTF-8"?>
<!-- Generated by org.testng.reporters.JUnitReportReporter -->
<testsuite hostname="AteeqZainab" failures="0" tests="2" name="script.InvalidLogin" time="11.546" errors="0" timestamp="2024-03-27T11:51:04 IST" skipped="0">
  <testcase classname="script.InvalidLogin" name="testInvalidLogin" time="5.361">
    <system-out>
      <![CDATA[ErrMsg is Displayed:Invalid username and/or password.]]>
    </system-out>
  </testcase> <!-- testInvalidLogin -->
  <testcase classname="script.InvalidLogin" name="testInvalidLogin" time="6.185">
    <system-out>
      <![CDATA[ErrMsg is Displayed:Invalid username and/or password.]]>
    </system-out>
  </testcase> <!-- testInvalidLogin -->
  <system-out>
    <![CDATA[ErrMsg is Displayed:Invalid username and/or password.
HomePage is Displayed
ErrMsg is Displayed:Invalid username and/or password.
HomePage is Displayed]]>
  </system-out>
</testsuite> <!-- script.InvalidLogin -->
