<?xml version="1.0" encoding="UTF-8"?>
<!-- Generated by org.testng.reporters.JUnitReportReporter -->
<testsuite hostname="AteeqZainab" failures="0" tests="1" name="script.ValidLogin" time="6.222" errors="0" timestamp="2024-03-26T13:10:08 IST" skipped="0">
  <testcase classname="script.ValidLogin" name="testValidLogin" time="6.222">
    <system-out>
      <![CDATA[HomePage is Displayed]]>
    </system-out>
  </testcase> <!-- testValidLogin -->
  <system-out>
    <![CDATA[HomePage is Displayed]]>
  </system-out>
</testsuite> <!-- script.ValidLogin -->
