<?xml version="1.0" encoding="UTF-8"?>
<!-- Generated by org.testng.reporters.JUnitReportReporter -->
<testsuite hostname="AteeqZainab" failures="0" tests="2" name="script.ValidLogin" time="12.851" errors="0" timestamp="2024-03-27T11:51:04 IST" skipped="0">
  <testcase classname="script.ValidLogin" name="testValidLogin" time="6.453">
    <system-out>
      <![CDATA[HomePage is Displayed]]>
    </system-out>
  </testcase> <!-- testValidLogin -->
  <testcase classname="script.ValidLogin" name="testValidLogin" time="6.398">
    <system-out>
      <![CDATA[HomePage is Displayed]]>
    </system-out>
  </testcase> <!-- testValidLogin -->
  <system-out>
    <![CDATA[ErrMsg is Displayed:Invalid username and/or password.
HomePage is Displayed
ErrMsg is Displayed:Invalid username and/or password.
HomePage is Displayed]]>
  </system-out>
</testsuite> <!-- script.ValidLogin -->
